<?xml version="1.0" encoding="UTF-8"?>
<testsuite xmlns:xsi="http://www.w3.org/2001/XMLSchema-instance" xsi:noNamespaceSchemaLocation="https://maven.apache.org/surefire/maven-surefire-plugin/xsd/surefire-test-report-3.0.xsd" version="3.0" name="org.dcifuentes.junit5app.ejemplos.models.CuentaTest$VariablesAmbienteTest" time="0.013" tests="5" errors="0" skipped="1" failures="0">
  <properties>
[...]
</properties>
  <testcase name="testProcesadores" classname="org.dcifuentes.junit5app.ejemplos.models.CuentaTest$VariablesAmbienteTest" time="0.0">
    <system-out><![CDATA[inciando el metodo.
finalizando el metodo.
]]></system-out>
  </testcase>
  <testcase name="testEnv" classname="org.dcifuentes.junit5app.ejemplos.models.CuentaTest$VariablesAmbienteTest" time="0.0">
    <skipped message="Environment variable [ENVIRONMENT] does not exist"/>
  </testcase>
  <testcase name="testEnvProdDisabled" classname="org.dcifuentes.junit5app.ejemplos.models.CuentaTest$VariablesAmbienteTest" time="0.001">
    <system-out><![CDATA[inciando el metodo.
finalizando el metodo.
]]></system-out>
  </testcase>
  <testcase name="testJavaHome" classname="org.dcifuentes.junit5app.ejemplos.models.CuentaTest$VariablesAmbienteTest" time="0.001">
    <system-out><![CDATA[inciando el metodo.
finalizando el metodo.
]]></system-out>
  </testcase>
  <testcase name="imprimirVariablesAmbiente" classname="org.dcifuentes.junit5app.ejemplos.models.CuentaTest$VariablesAmbienteTest" time="0.002">
    <system-out><![CDATA[inciando el metodo.
PATH:C:\Program Files (x86)\NVIDIA Corporation\PhysX\Common;C:\Python311\Scripts\;C:\Python311\;C:\Program Files\Common Files\Oracle\Java\javapath;C:\Program Files (x86)\Common Files\Oracle\Java\javapath;C:\Windows\system32;C:\Windows;C:\Windows\System32\Wbem;C:\Windows\System32\WindowsPowerShell\v1.0\;C:\Windows\System32\OpenSSH\;C:\Program Files\nodejs\;C:\ProgramData\chocolatey\bin;C:\Program Files\Git\cmd;C:\Program Files\Docker\Docker\resources\bin;C:\Program Files\PuTTY\;C:\Program Files\Kubernetes\Minikube;C:\Program Files\Amazon\AWSCLIV2\;C:\Users\dcifu\AppData\Local\Microsoft\WindowsApps;C:\Program Files\JetBrains\IntelliJ IDEA Community Edition 2024.1.3\bin;;C:\Users\dcifu\AppData\Local\Programs\Microsoft VS Code\bin;C:\Users\dcifu\AppData\Roaming\npm;C:\Users\dcifu\AppData\Local\GitHubDesktop\bin
USERDOMAIN_ROAMINGPROFILE:DANIELPC
LOCALAPPDATA:C:\Users\dcifu\AppData\Local
PROCESSOR_LEVEL:25
SYSTEMDRIVE:C:
COMMONPROGRAMFILES(X86):C:\Program Files (x86)\Common Files
USERDOMAIN:DANIELPC
FPS_BROWSER_APP_PROFILE_STRING:Internet Explorer
LOGONSERVER:\\DANIELPC
JAVA_HOME:C:\Program Files\Java\jdk-17
PROMPT:$P$G
SESSIONNAME:Console
ALLUSERSPROFILE:C:\ProgramData
PROGRAMFILES(X86):C:\Program Files (x86)
PROCESSOR_ARCHITECTURE:AMD64
DRIVERDATA:C:\Windows\System32\Drivers\DriverData
PROGRAMFILES:C:\Program Files
=C::C:\Users\dcifu\Documents\Udemy\JUnit\junit-app
APPDATA:C:\Users\dcifu\AppData\Roaming
PSMODULEPATH:C:\Program Files\WindowsPowerShell\Modules;C:\Windows\system32\WindowsPowerShell\v1.0\Modules
PROGRAMW6432:C:\Program Files
EFC_7792:1
PROGRAMDATA:C:\ProgramData
SYSTEMROOT:C:\Windows
CHOCOLATEYINSTALL:C:\ProgramData\chocolatey
CHOCOLATEYLASTPATHUPDATE:133658318964208281
USERNAME:dcifu
FPS_BROWSER_USER_PROFILE_STRING:Default
ONEDRIVE:C:\Users\dcifu\OneDrive
PATHEXT:.COM;.EXE;.BAT;.CMD;.VBS;.VBE;.JS;.JSE;.WSF;.WSH;.MSC;.PY;.PYW
OS:Windows_NT
COMMONPROGRAMW6432:C:\Program Files\Common Files
COMPUTERNAME:DANIELPC
INTELLIJ IDEA COMMUNITY EDITION:C:\Program Files\JetBrains\IntelliJ IDEA Community Edition 2024.1.3\bin;
COMMONPROGRAMFILES:C:\Program Files\Common Files
COMSPEC:C:\Windows\system32\cmd.exe
PROCESSOR_REVISION:5000
WINDIR:C:\Windows
HOMEPATH:\Users\dcifu
TEMP:C:\Users\dcifu\AppData\Local\Temp
HOMEDRIVE:C:
PROCESSOR_IDENTIFIER:AMD64 Family 25 Model 80 Stepping 0, AuthenticAMD
USERPROFILE:C:\Users\dcifu
TMP:C:\Users\dcifu\AppData\Local\Temp
PUBLIC:C:\Users\Public
NUMBER_OF_PROCESSORS:16
=:::::\
IDEA_INITIAL_DIRECTORY:C:\Users\dcifu\Desktop
finalizando el metodo.
]]></system-out>
  </testcase>
</testsuite>