<?xml version="1.0" encoding="UTF-8"?>
<testsuite xmlns:xsi="http://www.w3.org/2001/XMLSchema-instance" xsi:noNamespaceSchemaLocation="https://maven.apache.org/surefire/maven-surefire-plugin/xsd/surefire-test-report-3.0.xsd" version="3.0" name="org.dcifuentes.junit5app.ejemplos.models.CuentaTest$SystemPropertiesTest" time="0.01" tests="6" errors="0" skipped="2" failures="0">
  <properties>
[...]
</properties>
  <testcase name="testDev" classname="org.dcifuentes.junit5app.ejemplos.models.CuentaTest$SystemPropertiesTest" time="0.0">
    <skipped message="System property [ENV] does not exist"/>
  </testcase>
  <testcase name="testNo64" classname="org.dcifuentes.junit5app.ejemplos.models.CuentaTest$SystemPropertiesTest" time="0.0">
    <skipped message="System property [os.arch] with value [amd64] does not match regular expression [.*32.*]"/>
  </testcase>
  <testcase name="testUsername" classname="org.dcifuentes.junit5app.ejemplos.models.CuentaTest$SystemPropertiesTest" time="0.001">
    <system-out><![CDATA[inciando el metodo.
finalizando el metodo.
]]></system-out>
  </testcase>
  <testcase name="testJavaVersion" classname="org.dcifuentes.junit5app.ejemplos.models.CuentaTest$SystemPropertiesTest" time="0.001">
    <system-out><![CDATA[inciando el metodo.
finalizando el metodo.
]]></system-out>
  </testcase>
  <testcase name="imprimirSystemProperties" classname="org.dcifuentes.junit5app.ejemplos.models.CuentaTest$SystemPropertiesTest" time="0.001">
    <system-out><![CDATA[inciando el metodo.
java.specification.version:17
sun.cpu.isalist:amd64
sun.jnu.encoding:Cp1252
java.class.path:C:\Users\dcifu\Documents\Udemy\JUnit\junit-app\target\test-classes;C:\Users\dcifu\Documents\Udemy\JUnit\junit-app\target\classes;C:\Users\dcifu\.m2\repository\org\junit\jupiter\junit-jupiter\5.9.0-M1\junit-jupiter-5.9.0-M1.jar;C:\Users\dcifu\.m2\repository\org\junit\jupiter\junit-jupiter-api\5.9.0-M1\junit-jupiter-api-5.9.0-M1.jar;C:\Users\dcifu\.m2\repository\org\opentest4j\opentest4j\1.2.0\opentest4j-1.2.0.jar;C:\Users\dcifu\.m2\repository\org\junit\platform\junit-platform-commons\1.9.0-M1\junit-platform-commons-1.9.0-M1.jar;C:\Users\dcifu\.m2\repository\org\apiguardian\apiguardian-api\1.1.2\apiguardian-api-1.1.2.jar;C:\Users\dcifu\.m2\repository\org\junit\jupiter\junit-jupiter-params\5.9.0-M1\junit-jupiter-params-5.9.0-M1.jar;C:\Users\dcifu\.m2\repository\org\junit\jupiter\junit-jupiter-engine\5.9.0-M1\junit-jupiter-engine-5.9.0-M1.jar;C:\Users\dcifu\.m2\repository\org\junit\platform\junit-platform-engine\1.9.0-M1\junit-platform-engine-1.9.0-M1.jar;C:\Users\dcifu\.m2\repository\org\projectlombok\lombok\1.18.24\lombok-1.18.24.jar;
java.vm.vendor:Oracle Corporation
sun.arch.data.model:64
user.variant:
java.vendor.url:https://java.oracle.com/
user.timezone:America/Bogota
java.vm.specification.version:17
os.name:Windows 11
sun.java.launcher:SUN_STANDARD
user.country:CO
sun.boot.library.path:C:\Program Files\Java\jdk-17\bin
sun.java.command:C:\Users\dcifu\AppData\Local\Temp\surefire10293292581929900109\surefirebooter-20240819144519353_3.jar C:\Users\dcifu\AppData\Local\Temp\surefire10293292581929900109 2024-08-19T14-45-19_219-jvmRun1 surefire-20240819144519353_1tmp surefire_0-20240819144519353_2tmp
jdk.debug:release
surefire.test.class.path:C:\Users\dcifu\Documents\Udemy\JUnit\junit-app\target\test-classes;C:\Users\dcifu\Documents\Udemy\JUnit\junit-app\target\classes;C:\Users\dcifu\.m2\repository\org\junit\jupiter\junit-jupiter\5.9.0-M1\junit-jupiter-5.9.0-M1.jar;C:\Users\dcifu\.m2\repository\org\junit\jupiter\junit-jupiter-api\5.9.0-M1\junit-jupiter-api-5.9.0-M1.jar;C:\Users\dcifu\.m2\repository\org\opentest4j\opentest4j\1.2.0\opentest4j-1.2.0.jar;C:\Users\dcifu\.m2\repository\org\junit\platform\junit-platform-commons\1.9.0-M1\junit-platform-commons-1.9.0-M1.jar;C:\Users\dcifu\.m2\repository\org\apiguardian\apiguardian-api\1.1.2\apiguardian-api-1.1.2.jar;C:\Users\dcifu\.m2\repository\org\junit\jupiter\junit-jupiter-params\5.9.0-M1\junit-jupiter-params-5.9.0-M1.jar;C:\Users\dcifu\.m2\repository\org\junit\jupiter\junit-jupiter-engine\5.9.0-M1\junit-jupiter-engine-5.9.0-M1.jar;C:\Users\dcifu\.m2\repository\org\junit\platform\junit-platform-engine\1.9.0-M1\junit-platform-engine-1.9.0-M1.jar;C:\Users\dcifu\.m2\repository\org\projectlombok\lombok\1.18.24\lombok-1.18.24.jar;
sun.cpu.endian:little
user.home:C:\Users\dcifu
user.language:es
java.specification.vendor:Oracle Corporation
java.version.date:2023-04-18
java.home:C:\Program Files\Java\jdk-17
file.separator:\
basedir:C:\Users\dcifu\Documents\Udemy\JUnit\junit-app
java.vm.compressedOopsMode:Zero based
line.separator:

java.vm.specification.vendor:Oracle Corporation
java.specification.name:Java Platform API Specification
surefire.real.class.path:C:\Users\dcifu\AppData\Local\Temp\surefire10293292581929900109\surefirebooter-20240819144519353_3.jar
user.script:
sun.management.compiler:HotSpot 64-Bit Tiered Compilers
java.runtime.version:17.0.7+8-LTS-224
user.name:dcifu
path.separator:;
os.version:10.0
java.runtime.name:Java(TM) SE Runtime Environment
file.encoding:Cp1252
java.vm.name:Java HotSpot(TM) 64-Bit Server VM
localRepository:C:\Users\dcifu\.m2\repository
java.vendor.url.bug:https://bugreport.java.com/bugreport/
java.io.tmpdir:C:\Users\dcifu\AppData\Local\Temp\
idea.version:2024.1.3
java.version:17.0.7
user.dir:C:\Users\dcifu\Documents\Udemy\JUnit\junit-app
os.arch:amd64
java.vm.specification.name:Java Virtual Machine Specification
sun.os.patch.level:
native.encoding:Cp1252
java.library.path:C:\Program Files\Java\jdk-17\bin;C:\Windows\Sun\Java\bin;C:\Windows\system32;C:\Windows;C:\Program Files (x86)\NVIDIA Corporation\PhysX\Common;C:\Python311\Scripts\;C:\Python311\;C:\Program Files\Common Files\Oracle\Java\javapath;C:\Program Files (x86)\Common Files\Oracle\Java\javapath;C:\Windows\system32;C:\Windows;C:\Windows\System32\Wbem;C:\Windows\System32\WindowsPowerShell\v1.0\;C:\Windows\System32\OpenSSH\;C:\Program Files\nodejs\;C:\ProgramData\chocolatey\bin;C:\Program Files\Git\cmd;C:\Program Files\Docker\Docker\resources\bin;C:\Program Files\PuTTY\;C:\Program Files\Kubernetes\Minikube;C:\Program Files\Amazon\AWSCLIV2\;C:\Users\dcifu\AppData\Local\Microsoft\WindowsApps;C:\Program Files\JetBrains\IntelliJ IDEA Community Edition 2024.1.3\bin;;C:\Users\dcifu\AppData\Local\Programs\Microsoft VS Code\bin;C:\Users\dcifu\AppData\Roaming\npm;C:\Users\dcifu\AppData\Local\GitHubDesktop\bin;.
java.vm.info:mixed mode, sharing
java.vendor:Oracle Corporation
java.vm.version:17.0.7+8-LTS-224
sun.io.unicode.encoding:UnicodeLittle
java.class.version:61.0
finalizando el metodo.
]]></system-out>
  </testcase>
  <testcase name="testSolo64" classname="org.dcifuentes.junit5app.ejemplos.models.CuentaTest$SystemPropertiesTest" time="0.0">
    <system-out><![CDATA[inciando el metodo.
finalizando el metodo.
]]></system-out>
  </testcase>
</testsuite>